{INFO}     com.app.main.Main             1) Log In  01-02-2021 PST 20:34
{INFO}     com.app.main.Main  2) Register for a new account.  01-02-2021 PST 20:34
{INFO}     com.app.main.Main                Log In  01-02-2021 PST 20:34
{INFO}     com.app.main.Main  Please enter your email address.  01-02-2021 PST 20:34
{INFO}     com.app.main.Main  Please enter your password.  01-02-2021 PST 20:34
{INFO}     com.app.main.Main              customer  01-02-2021 PST 20:34
{INFO}     com.app.main.Main         Customer Menu  01-02-2021 PST 20:34
{INFO}     com.app.main.Main      1)View open cars  01-02-2021 PST 20:34
{INFO}     com.app.main.Main       2)Make an offer  01-02-2021 PST 20:34
{INFO}     com.app.main.Main     3)View owned cars  01-02-2021 PST 20:34
{INFO}     com.app.main.Main  4)View remaining payments  01-02-2021 PST 20:34
{INFO}     com.app.main.Main                5)Exit  01-02-2021 PST 20:34
{INFO}     com.app.main.Main  Welcome to the Car App.  01-02-2021 PST 22:15
{INFO}     com.app.main.Main             1) Log In  01-02-2021 PST 22:15
{INFO}     com.app.main.Main  2) Register for a new account.  01-02-2021 PST 22:15
{INFO}     com.app.main.Main                Log In  01-02-2021 PST 22:15
{INFO}     com.app.main.Main  Please enter your email address.  01-02-2021 PST 22:15
{INFO}     com.app.main.Main  Please enter your password.  01-02-2021 PST 22:15
{INFO}     com.app.main.Main         Employee Menu  01-02-2021 PST 22:15
{INFO}     com.app.main.Main           1)View cars  01-02-2021 PST 22:15
{INFO}     com.app.main.Main           2)Add a car  01-02-2021 PST 22:15
{INFO}     com.app.main.Main        3)Remove a car  01-02-2021 PST 22:15
{INFO}     com.app.main.Main         4)View offers  01-02-2021 PST 22:15
{INFO}     com.app.main.Main     5)Accept an offer  01-02-2021 PST 22:15
{INFO}     com.app.main.Main     6)Reject an offer  01-02-2021 PST 22:15
{INFO}     com.app.main.Main       7)View payments  01-02-2021 PST 22:15
{INFO}     com.app.main.Main                8)Exit  01-02-2021 PST 22:15
{INFO}     com.app.main.Main             View cars  01-02-2021 PST 22:15
{INFO}     com.app.main.Main             Add a car  01-02-2021 PST 22:15
{INFO}     com.app.main.Main     What is the make?  01-02-2021 PST 22:15
{INFO}     com.app.main.Main  Welcome to the Car App.  01-02-2021 PST 22:17
{INFO}     com.app.main.Main             1) Log In  01-02-2021 PST 22:17
{INFO}     com.app.main.Main  2) Register for a new account.  01-02-2021 PST 22:17
{INFO}     com.app.main.Main                Log In  01-02-2021 PST 22:17
{INFO}     com.app.main.Main  Please enter your email address.  01-02-2021 PST 22:17
{INFO}     com.app.main.Main  Please enter your password.  01-02-2021 PST 22:17
{INFO}     com.app.main.Main         Employee Menu  01-02-2021 PST 22:17
{INFO}     com.app.main.Main           1)View cars  01-02-2021 PST 22:17
{INFO}     com.app.main.Main           2)Add a car  01-02-2021 PST 22:17
{INFO}     com.app.main.Main        3)Remove a car  01-02-2021 PST 22:17
{INFO}     com.app.main.Main         4)View offers  01-02-2021 PST 22:17
{INFO}     com.app.main.Main     5)Accept an offer  01-02-2021 PST 22:17
{INFO}     com.app.main.Main     6)Reject an offer  01-02-2021 PST 22:17
{INFO}     com.app.main.Main       7)View payments  01-02-2021 PST 22:17
{INFO}     com.app.main.Main                8)Exit  01-02-2021 PST 22:17
{INFO}     com.app.main.Main             View cars  01-02-2021 PST 22:17
{INFO}     com.app.main.Main         Employee Menu  01-02-2021 PST 22:17
{INFO}     com.app.main.Main           1)View cars  01-02-2021 PST 22:17
{INFO}     com.app.main.Main           2)Add a car  01-02-2021 PST 22:17
{INFO}     com.app.main.Main        3)Remove a car  01-02-2021 PST 22:17
{INFO}     com.app.main.Main         4)View offers  01-02-2021 PST 22:17
{INFO}     com.app.main.Main     5)Accept an offer  01-02-2021 PST 22:17
{INFO}     com.app.main.Main     6)Reject an offer  01-02-2021 PST 22:17
{INFO}     com.app.main.Main       7)View payments  01-02-2021 PST 22:17
{INFO}     com.app.main.Main                8)Exit  01-02-2021 PST 22:17
{INFO}     com.app.main.Main  Welcome to the Car App.  01-02-2021 PST 22:46
{INFO}     com.app.main.Main             1) Log In  01-02-2021 PST 22:46
{INFO}     com.app.main.Main  2) Register for a new account.  01-02-2021 PST 22:46
{INFO}     com.app.main.Main                Log In  01-02-2021 PST 22:46
{INFO}     com.app.main.Main  Please enter your email address.  01-02-2021 PST 22:46
{INFO}     com.app.main.Main  Please enter your password.  01-02-2021 PST 22:46
{INFO}     com.app.main.Main         Employee Menu  01-02-2021 PST 22:46
{INFO}     com.app.main.Main           1)View cars  01-02-2021 PST 22:46
{INFO}     com.app.main.Main           2)Add a car  01-02-2021 PST 22:46
{INFO}     com.app.main.Main        3)Remove a car  01-02-2021 PST 22:46
{INFO}     com.app.main.Main         4)View offers  01-02-2021 PST 22:46
{INFO}     com.app.main.Main     5)Accept an offer  01-02-2021 PST 22:46
{INFO}     com.app.main.Main     6)Reject an offer  01-02-2021 PST 22:46
{INFO}     com.app.main.Main       7)View payments  01-02-2021 PST 22:46
{INFO}     com.app.main.Main                8)Exit  01-02-2021 PST 22:46
{INFO}     com.app.main.Main             View cars  01-02-2021 PST 22:46
{INFO}     com.app.main.Main         Employee Menu  01-02-2021 PST 22:46
{INFO}     com.app.main.Main           1)View cars  01-02-2021 PST 22:46
{INFO}     com.app.main.Main           2)Add a car  01-02-2021 PST 22:46
{INFO}     com.app.main.Main        3)Remove a car  01-02-2021 PST 22:46
{INFO}     com.app.main.Main         4)View offers  01-02-2021 PST 22:46
{INFO}     com.app.main.Main     5)Accept an offer  01-02-2021 PST 22:46
{INFO}     com.app.main.Main     6)Reject an offer  01-02-2021 PST 22:46
{INFO}     com.app.main.Main       7)View payments  01-02-2021 PST 22:46
{INFO}     com.app.main.Main                8)Exit  01-02-2021 PST 22:46
{INFO}     com.app.main.Main  Welcome to the Car App.  01-02-2021 PST 22:54
{INFO}     com.app.main.Main             1) Log In  01-02-2021 PST 22:54
{INFO}     com.app.main.Main  2) Register for a new account.  01-02-2021 PST 22:54
{INFO}     com.app.main.Main                Log In  01-02-2021 PST 22:54
{INFO}     com.app.main.Main  Please enter your email address.  01-02-2021 PST 22:54
{INFO}     com.app.main.Main  Please enter your password.  01-02-2021 PST 22:55
{INFO}     com.app.main.Main         Employee Menu  01-02-2021 PST 22:55
{INFO}     com.app.main.Main           1)View cars  01-02-2021 PST 22:55
{INFO}     com.app.main.Main           2)Add a car  01-02-2021 PST 22:55
{INFO}     com.app.main.Main        3)Remove a car  01-02-2021 PST 22:55
{INFO}     com.app.main.Main         4)View offers  01-02-2021 PST 22:55
{INFO}     com.app.main.Main     5)Accept an offer  01-02-2021 PST 22:55
{INFO}     com.app.main.Main     6)Reject an offer  01-02-2021 PST 22:55
{INFO}     com.app.main.Main       7)View payments  01-02-2021 PST 22:55
{INFO}     com.app.main.Main                8)Exit  01-02-2021 PST 22:55
{INFO}     com.app.main.Main             View cars  01-02-2021 PST 22:55
{INFO}     com.app.main.Main  Car [carid=1, make=honda, model=accord, status=null]  01-02-2021 PST 22:55
{INFO}     com.app.main.Main  Car [carid=3, make=toyota, model=corolla, status=null]  01-02-2021 PST 22:55
{INFO}     com.app.main.Main  Car [carid=2, make=honda, model=civic, status=null]  01-02-2021 PST 22:55
{INFO}     com.app.main.Main  Car [carid=4, make=ford, model=focus, status=null]  01-02-2021 PST 22:55
{INFO}     com.app.main.Main         Employee Menu  01-02-2021 PST 22:55
{INFO}     com.app.main.Main           1)View cars  01-02-2021 PST 22:55
{INFO}     com.app.main.Main           2)Add a car  01-02-2021 PST 22:55
{INFO}     com.app.main.Main        3)Remove a car  01-02-2021 PST 22:55
{INFO}     com.app.main.Main         4)View offers  01-02-2021 PST 22:55
{INFO}     com.app.main.Main     5)Accept an offer  01-02-2021 PST 22:55
{INFO}     com.app.main.Main     6)Reject an offer  01-02-2021 PST 22:55
{INFO}     com.app.main.Main       7)View payments  01-02-2021 PST 22:55
{INFO}     com.app.main.Main                8)Exit  01-02-2021 PST 22:55
{INFO}     com.app.main.Main  Welcome to the Car App.  01-02-2021 PST 22:57
{INFO}     com.app.main.Main             1) Log In  01-02-2021 PST 22:57
{INFO}     com.app.main.Main  2) Register for a new account.  01-02-2021 PST 22:57
{INFO}     com.app.main.Main                Log In  01-02-2021 PST 22:57
{INFO}     com.app.main.Main  Please enter your email address.  01-02-2021 PST 22:57
{INFO}     com.app.main.Main  Please enter your password.  01-02-2021 PST 22:57
{INFO}     com.app.main.Main         Employee Menu  01-02-2021 PST 22:57
{INFO}     com.app.main.Main           1)View cars  01-02-2021 PST 22:57
{INFO}     com.app.main.Main           2)Add a car  01-02-2021 PST 22:57
{INFO}     com.app.main.Main        3)Remove a car  01-02-2021 PST 22:57
{INFO}     com.app.main.Main         4)View offers  01-02-2021 PST 22:57
{INFO}     com.app.main.Main     5)Accept an offer  01-02-2021 PST 22:57
{INFO}     com.app.main.Main     6)Reject an offer  01-02-2021 PST 22:57
{INFO}     com.app.main.Main       7)View payments  01-02-2021 PST 22:57
{INFO}     com.app.main.Main                8)Exit  01-02-2021 PST 22:57
{INFO}     com.app.main.Main             View cars  01-02-2021 PST 22:57
{INFO}     com.app.main.Main         Employee Menu  01-02-2021 PST 22:57
{INFO}     com.app.main.Main           1)View cars  01-02-2021 PST 22:57
{INFO}     com.app.main.Main           2)Add a car  01-02-2021 PST 22:57
{INFO}     com.app.main.Main        3)Remove a car  01-02-2021 PST 22:57
{INFO}     com.app.main.Main         4)View offers  01-02-2021 PST 22:57
{INFO}     com.app.main.Main     5)Accept an offer  01-02-2021 PST 22:57
{INFO}     com.app.main.Main     6)Reject an offer  01-02-2021 PST 22:57
{INFO}     com.app.main.Main       7)View payments  01-02-2021 PST 22:57
{INFO}     com.app.main.Main                8)Exit  01-02-2021 PST 22:57
